<?xml version="1.0" encoding="UTF-8"?>
<!-- Generated by org.testng.reporters.JUnitXMLReporter -->
<testsuite ignored="7" hostname="DELL-GLHTRG3" failures="0" tests="1" name="Bimabharosa_API_Automation_withoutDB" time="4.48" errors="0" timestamp="2024-07-16T12:38:29 IST">
  <testcase classname="Update.Test_1_StatusChangeDate_Validation" name="future_statusChangeDate_negative_TC" time="4.415"/>
  <testcase classname="Update.Test_1_StatusChangeDate_Validation" name="Status_Change_date_not_older_than_previous_status_change_date_negative_TC" time="0.0">
    <ignored/>
  </testcase> <!-- Status_Change_date_not_older_than_previous_status_change_date_negative_TC -->
  <testcase classname="Update.Test_1_StatusChangeDate_Validation" name="Date_validation_format_00_00_0000_negative_TC" time="0.0">
    <ignored/>
  </testcase> <!-- Date_validation_format_00_00_0000_negative_TC -->
  <testcase classname="Update.Test_1_StatusChangeDate_Validation" name="Date_validation_format_YYYY_DD_MM_negative_TC" time="0.0">
    <ignored/>
  </testcase> <!-- Date_validation_format_YYYY_DD_MM_negative_TC -->
  <testcase classname="Update.Test_1_StatusChangeDate_Validation" name="current_statusChangeDate_positive_TC" time="0.0">
    <ignored/>
  </testcase> <!-- current_statusChangeDate_positive_TC -->
  <testcase classname="Update.Test_1_StatusChangeDate_Validation" name="Status_Change_date_not_older_than_complaint_receipt_date_negative_TC" time="0.0">
    <ignored/>
  </testcase> <!-- Status_Change_date_not_older_than_complaint_receipt_date_negative_TC -->
  <testcase classname="Update.Test_1_StatusChangeDate_Validation" name="Date_validation_format_MM_DD_YYYY_negative_TC" time="0.0">
    <ignored/>
  </testcase> <!-- Date_validation_format_MM_DD_YYYY_negative_TC -->
  <testcase classname="Update.Test_1_StatusChangeDate_Validation" name="Date_validation_alphabet_specialchar_negative_TC" time="0.0">
    <ignored/>
  </testcase> <!-- Date_validation_alphabet_specialchar_negative_TC -->
</testsuite> <!-- Bimabharosa_API_Automation_withoutDB -->
