<?xml version="1.0" encoding="UTF-8"?>
<!-- Generated by org.testng.reporters.JUnitXMLReporter -->
<testsuite ignored="28" hostname="DELL-FHHTRG3" failures="0" tests="85" name="UpdateModule" time="52.053" errors="0" timestamp="2024-06-10T12:02:14 IST">
  <testcase classname="Update.Test_1_StatusChangeDate_Validation" name="future_statusChangeDate_negative_TC" time="0.277"/>
  <testcase classname="Update.Test_1_StatusChangeDate_Validation" name="current_statusChangeDate_positive_TC" time="0.341"/>
  <testcase classname="Update.Test_1_StatusChangeDate_Validation" name="Date_validation_format_YYYY_DD_MM_negative_TC" time="0.25"/>
  <testcase classname="Update.Test_1_StatusChangeDate_Validation" name="Date_validation_format_MM_DD_YYYY_negative_TC" time="0.238"/>
  <testcase classname="Update.Test_1_StatusChangeDate_Validation" name="Date_validation_format_00_00_0000_negative_TC" time="0.213"/>
  <testcase classname="Update.Test_1_StatusChangeDate_Validation" name="Date_validation_alphabet_specialchar_negative_TC" time="0.207"/>
  <testcase classname="Update.Test_1_StatusChangeDate_Validation" name="Status_Change_date_not_older_than_complaint_receipt_date_negative_TC" time="0.222"/>
  <testcase classname="Update.Test_1_StatusChangeDate_Validation" name="Status_Change_date_not_older_than_previous_status_change_date_negative_TC" time="0.383"/>
  <testcase classname="Update.Test_2_NewComplaint" name="new_to_pen_negative_TC" time="0.234"/>
  <testcase classname="Update.Test_2_NewComplaint" name="new_to_att_negative_TC" time="0.249"/>
  <testcase classname="Update.Test_2_NewComplaint" name="new_to_esc_negative_TC" time="0.211"/>
  <testcase classname="Update.Test_2_NewComplaint" name="new_to_rop_negative_TC" time="0.223"/>
  <testcase classname="Update.Test_2_NewComplaint" name="new_to_cls_negative_TC" time="0.249"/>
  <testcase classname="Update.Test_3_AckComplaint" name="ack_to_new_negative_TC" time="0.604"/>
  <testcase classname="Update.Test_3_AckComplaint" name="ack_to_att_negative_TC" time="0.375"/>
  <testcase classname="Update.Test_3_AckComplaint" name="ack_to_esc_negative_TC" time="0.334"/>
  <testcase classname="Update.Test_3_AckComplaint" name="ack_to_rop_negative_TC" time="0.342"/>
  <testcase classname="Update.Test_3_AckComplaint" name="ack_to_cls_negative_TC" time="0.418"/>
  <testcase classname="Update.Test_4_PenComplaint" name="pen_to_new_negative_TC" time="0.626"/>
  <testcase classname="Update.Test_4_PenComplaint" name="pen_to_ack_negative_TC" time="0.663"/>
  <testcase classname="Update.Test_4_PenComplaint" name="pen_to_esc_negative_TC" time="0.648"/>
  <testcase classname="Update.Test_4_PenComplaint" name="pen_to_rop_negative_TC" time="0.689"/>
  <testcase classname="Update.Test_4_PenComplaint" name="pen_to_cls_negative_TC" time="0.445"/>
  <testcase classname="Update.Test_4_PenComplaint" name="pen_to_attent_to_claim_negative_TC" time="0.445"/>
  <testcase classname="Update.Test_5_Ack_Pen_MandateField_Validation" name="Update_Status_Without_Status_Change_Date_field_negative_TC" time="0.273"/>
  <testcase classname="Update.Test_5_Ack_Pen_MandateField_Validation" name="Update_Status_Without_IRDA_Token_Number_field_negative_TC" time="0.222"/>
  <testcase classname="Update.Test_5_Ack_Pen_MandateField_Validation" name="Update_Status_With_null_Entity_Complaint_Ref_Number_field_negative_TC" time="0.205"/>
  <testcase classname="Update.Test_5_Ack_Pen_MandateField_Validation" name="Update_Status_Without_Complaint_Status_Id_field_negative_TC" time="0.225"/>
  <testcase classname="Update.Test_5_Ack_Pen_MandateField_Validation" name="Update_Status_Without_Trans_Login_Id_Field_negative_TC" time="0.252"/>
  <testcase classname="Update.Test_5_Ack_Pen_MandateField_Validation" name="Update_Status_Without_Option_Field_negative_TC" time="0.237"/>
  <testcase classname="Update.Test_5_Ack_Pen_MandateField_Validation" name="Update_Status_Without_Mode_Field_negative_TC" time="0.25"/>
  <testcase classname="Update.Test_5_Ack_Pen_MandateField_Validation" name="Update_Status_Invalid_Mode_Field_negative_TC" time="0.252"/>
  <testcase classname="Update.Test_5_Ack_Pen_MandateField_Validation" name="Update_Status_With_Removed_Entity_ref_Id_field_negative_TC" time="0.266"/>
  <testcase classname="Update.Test_6_pen_to_Att_mand_field_validation" name="pen_to_att_without_mand_field_negative_TC" time="0.549"/>
  <testcase classname="Update.Test_7_Att_to_Complaint" name="att_to_new_negative_TC" time="0.922"/>
  <testcase classname="Update.Test_7_Att_to_Complaint" name="att_to_ack_negative_TC" time="0.651"/>
  <testcase classname="Update.Test_7_Att_to_Complaint" name="att_to_pen_negative_TC" time="0.657"/>
  <testcase classname="Update.Test_7_Att_to_Complaint" name="att_to_rop_negative_TC" time="0.658"/>
  <testcase classname="Update.Test_7_Att_to_Complaint" name="att_to_esc_with_mandatary_fields_negative_TC" time="0.61"/>
  <testcase classname="Update.Test_7_Att_to_Complaint" name="att_to_cls_with_ESC_negative_TC" time="1.068"/>
  <testcase classname="Update.Test_7_Att_to_Complaint" name="att_to_cls_negative_TC" time="1.257"/>
  <testcase classname="Update.Test_8_Type_Of_Disposal" name="type_of_dis_1_positive_TC" time="0.589"/>
  <testcase classname="Update.Test_8_Type_Of_Disposal" name="type_of_dis_2_positive_TC" time="0.516"/>
  <testcase classname="Update.Test_8_Type_Of_Disposal" name="type_of_dis_3_positive_TC" time="0.518"/>
  <testcase classname="Update.Test_8_Type_Of_Disposal" name="type_of_dis_9_positive_TC" time="0.516"/>
  <testcase classname="Update.Test_8_Type_Of_Disposal" name="type_of_dis_invalid_negative_TC" time="0.504"/>
  <testcase classname="Update.Test_8_Type_Of_Disposal" name="type_of_dis_9_without_mand_field_negative_TC" time="0.51"/>
  <testcase classname="Update.Test_9_EscComplaint" name="esc_to_new_negative_TC" time="0.82"/>
  <testcase classname="Update.Test_9_EscComplaint" name="esc_to_ack_negative_TC" time="0.762"/>
  <testcase classname="Update.Test_9_EscComplaint" name="esc_to_pending_negative_TC" time="0.752"/>
  <testcase classname="Update.Test_9_EscComplaint" name="esc_to_att_to_negative_TC" time="0.882"/>
  <testcase classname="Update.Test_9_EscComplaint" name="esc_to_reopen_less_than_15_TC" time="0.719"/>
  <testcase classname="Update.Test_9_EscComplaint" name="esc_to_close_negative_TC" time="0.794"/>
  <testcase classname="Update.Test_10_RopComplaint" name="rop_to_new_negative_TC" time="0.871"/>
  <testcase classname="Update.Test_10_RopComplaint" name="rop_to_ack_negative_TC" time="0.924"/>
  <testcase classname="Update.Test_10_RopComplaint" name="rop_to_pending_negative_TC" time="0.85"/>
  <testcase classname="Update.Test_10_RopComplaint" name="rop_to_esc_negative_TC" time="0.883"/>
  <testcase classname="Update.Test_10_RopComplaint" name="rop_to_cls_negative_TC" time="0.928"/>
  <testcase classname="Update.Test_10_RopComplaint" name="rop_to_att_with_claim_negative_TC" time="0.886"/>
  <testcase classname="Update.Test_11_Cls_Negative" name="cls_to_new_nagative_TC" time="0.741"/>
  <testcase classname="Update.Test_11_Cls_Negative" name="cls_to_ack_negative_TC" time="0.838"/>
  <testcase classname="Update.Test_11_Cls_Negative" name="cls_to_pen_negative_TC" time="0.973"/>
  <testcase classname="Update.Test_11_Cls_Negative" name="cls_to_att_negative_TC" time="0.993"/>
  <testcase classname="Update.Test_11_Cls_Negative" name="cls_to_esc_negative_TC" time="1.308"/>
  <testcase classname="Update.Test_11_Cls_Negative" name="cls_to_rop_negative_TC" time="1.214"/>
  <testcase classname="Update.Test_12_not_pertain_to" name="new_not_pertain_to_positive_TC" time="0.295"/>
  <testcase classname="Update.Test_12_not_pertain_to" name="ack_not_pertain_to_positive_TC" time="0.55"/>
  <testcase classname="Update.Test_12_not_pertain_to" name="pending_not_pertain_to_positive_TC" time="0.811"/>
  <testcase classname="Update.Test_12_not_pertain_to" name="without_mand_field_negative_TC" time="0.278"/>
  <testcase classname="Update.Test_13_branch_code_validation" name="registerAgainst_Broker_new_to_ack_positive_TC" time="0.427"/>
  <testcase classname="Update.Test_14_status_update_with_diff_transLogin_Id" name="status_update_with_diff_transLogin_Id_negative_TC" time="0.357"/>
  <testcase classname="Update.Test_15_UpdateComplaint_Positive" name="new_to_ack_positive_TC" time="0.4"/>
  <testcase classname="Update.Test_15_UpdateComplaint_Positive" name="new_to_esc_after_15_days_positive_TC" time="0.318"/>
  <testcase classname="Update.Test_15_UpdateComplaint_Positive" name="ack_to_pen_positive_TC" time="0.424"/>
  <testcase classname="Update.Test_15_UpdateComplaint_Positive" name="ack_to_esc_after_15_days_positive_TC" time="0.586"/>
  <testcase classname="Update.Test_15_UpdateComplaint_Positive" name="pen_to_att_positive_TC" time="0.608"/>
  <testcase classname="Update.Test_15_UpdateComplaint_Positive" name="pen_to_attent_to_claim_positive_TC" time="0.6"/>
  <testcase classname="Update.Test_15_UpdateComplaint_Positive" name="pen_to_esc_after_15_days_positive_TC" time="0.562"/>
  <testcase classname="Update.Test_15_UpdateComplaint_Positive" name="att_to_esc_firstTime_positive_TC" time="1.191"/>
  <testcase classname="Update.Test_15_UpdateComplaint_Positive" name="att_to_esc_secondTime_positive_TC" time="1.59"/>
  <testcase classname="Update.Test_15_UpdateComplaint_Positive" name="att_to_cls_positive_TC" time="0.995"/>
  <testcase classname="Update.Test_15_UpdateComplaint_Positive" name="closure_request_to_IRDIA_positive_TC" time="1.555"/>
  <testcase classname="Update.Test_15_UpdateComplaint_Positive" name="esc_to_rop_positive_TC" time="1.055"/>
  <testcase classname="Update.Test_15_UpdateComplaint_Positive" name="rop_to_att_with_claim_positive_TC" time="1.232"/>
  <testcase classname="Update.Test_15_UpdateComplaint_Positive" name="rop_to_att_with_positive_TC" time="1.263"/>
  <testcase classname="Base.Main" name="@AfterSuite tearDown" time="0.0">
    <ignored/>
  </testcase> <!-- @AfterSuite tearDown -->
  <testcase classname="Base.Main" name="@AfterSuite tearDown" time="0.0">
    <ignored/>
  </testcase> <!-- @AfterSuite tearDown -->
  <testcase classname="Base.Main" name="@BeforeSuite setup" time="0.0">
    <ignored/>
  </testcase> <!-- @BeforeSuite setup -->
  <testcase classname="Base.Main" name="@AfterSuite tearDown" time="0.0">
    <ignored/>
  </testcase> <!-- @AfterSuite tearDown -->
  <testcase classname="Base.Main" name="@BeforeSuite setup" time="0.0">
    <ignored/>
  </testcase> <!-- @BeforeSuite setup -->
  <testcase classname="Base.Main" name="@BeforeSuite setup" time="0.0">
    <ignored/>
  </testcase> <!-- @BeforeSuite setup -->
  <testcase classname="Base.Main" name="@BeforeSuite setup" time="0.0">
    <ignored/>
  </testcase> <!-- @BeforeSuite setup -->
  <testcase classname="Base.Main" name="@BeforeSuite setup" time="0.0">
    <ignored/>
  </testcase> <!-- @BeforeSuite setup -->
  <testcase classname="Base.Main" name="@BeforeSuite setup" time="0.0">
    <ignored/>
  </testcase> <!-- @BeforeSuite setup -->
  <testcase classname="Base.Main" name="@BeforeSuite setup" time="0.0">
    <ignored/>
  </testcase> <!-- @BeforeSuite setup -->
  <testcase classname="Base.Main" name="@AfterSuite tearDown" time="0.0">
    <ignored/>
  </testcase> <!-- @AfterSuite tearDown -->
  <testcase classname="Base.Main" name="@BeforeSuite setup" time="0.0">
    <ignored/>
  </testcase> <!-- @BeforeSuite setup -->
  <testcase classname="Base.Main" name="@AfterSuite tearDown" time="0.0">
    <ignored/>
  </testcase> <!-- @AfterSuite tearDown -->
  <testcase classname="Base.Main" name="@AfterSuite tearDown" time="0.0">
    <ignored/>
  </testcase> <!-- @AfterSuite tearDown -->
  <testcase classname="Base.Main" name="@AfterSuite tearDown" time="0.0">
    <ignored/>
  </testcase> <!-- @AfterSuite tearDown -->
  <testcase classname="Base.Main" name="@AfterSuite tearDown" time="0.0">
    <ignored/>
  </testcase> <!-- @AfterSuite tearDown -->
  <testcase classname="Base.Main" name="@BeforeSuite setup" time="0.0">
    <ignored/>
  </testcase> <!-- @BeforeSuite setup -->
  <testcase classname="Base.Main" name="@AfterSuite tearDown" time="0.0">
    <ignored/>
  </testcase> <!-- @AfterSuite tearDown -->
  <testcase classname="Base.Main" name="@AfterSuite tearDown" time="0.0">
    <ignored/>
  </testcase> <!-- @AfterSuite tearDown -->
  <testcase classname="Base.Main" name="@BeforeSuite setup" time="0.0">
    <ignored/>
  </testcase> <!-- @BeforeSuite setup -->
  <testcase classname="Base.Main" name="@AfterSuite tearDown" time="0.0">
    <ignored/>
  </testcase> <!-- @AfterSuite tearDown -->
  <testcase classname="Base.Main" name="@BeforeSuite setup" time="0.0">
    <ignored/>
  </testcase> <!-- @BeforeSuite setup -->
  <testcase classname="Base.Main" name="@AfterSuite tearDown" time="0.0">
    <ignored/>
  </testcase> <!-- @AfterSuite tearDown -->
  <testcase classname="Base.Main" name="@AfterSuite tearDown" time="0.0">
    <ignored/>
  </testcase> <!-- @AfterSuite tearDown -->
  <testcase classname="Base.Main" name="@BeforeSuite setup" time="0.0">
    <ignored/>
  </testcase> <!-- @BeforeSuite setup -->
  <testcase classname="Base.Main" name="@AfterSuite tearDown" time="0.0">
    <ignored/>
  </testcase> <!-- @AfterSuite tearDown -->
  <testcase classname="Base.Main" name="@BeforeSuite setup" time="0.0">
    <ignored/>
  </testcase> <!-- @BeforeSuite setup -->
  <testcase classname="Base.Main" name="@BeforeSuite setup" time="0.0">
    <ignored/>
  </testcase> <!-- @BeforeSuite setup -->
</testsuite> <!-- UpdateModule -->
